<?xml version="1.0" encoding="UTF-8"?>
<!-- Generated by org.testng.reporters.JUnitXMLReporter -->
<testsuite ignored="0" hostname="BSA-Laptop" failures="0" tests="1" name="BVT" time="41.025" errors="0" timestamp="2023-04-27T10:09:22 IST">
  <testcase classname="base.BaseDriver" name="@AfterMethod teardown" time="20.329">
    <failure type="java.io.IOException" message="Failed to open file:/D:/Vinay/Associate_Architect/AutomationFramework/AA_Framework/AAAutomationFramework/AutomationTestExecutionReport.html. Error message: The system cannot find the file specified.
">
      <![CDATA[java.io.IOException: Failed to open file:/D:/Vinay/Associate_Architect/AutomationFramework/AA_Framework/AAAutomationFramework/AutomationTestExecutionReport.html. Error message: The system cannot find the file specified.

at java.desktop/sun.awt.windows.WDesktopPeer.ShellExecute(WDesktopPeer.java:115)
at java.desktop/sun.awt.windows.WDesktopPeer.browse(WDesktopPeer.java:101)
at java.desktop/java.awt.Desktop.browse(Desktop.java:533)
at base.BaseDriver.teardown(BaseDriver.java:65)
at java.base/java.util.ArrayList.forEach(ArrayList.java:1511)
... Removed 32 stack frames]]>
    </failure>
  </testcase> <!-- @AfterMethod teardown -->
  <testcase classname="testcases.NavigateToLearnHTML" name="BrowserThruLearnHTML" time="1.386"/>
</testsuite> <!-- BVT -->
