<?xml version="1.0" encoding="UTF-8"?>
<!-- Generated by org.testng.reporters.JUnitXMLReporter -->
<testsuite ignored="0" hostname="BSA-Laptop" failures="10" tests="41" name="restassuredtestcases" time="20.62" errors="0" timestamp="2023-07-07T03:14:59 IST">
  <testcase classname="com.associateArchitectAPI.testcases.Put_Update_EmployeeDetails" name="@BeforeClass updateEmployeeDetails" time="0.0">
    <failure type="java.lang.NullPointerException" message="Cannot invoke &amp;quot;org.apache.log4j.Logger.info(Object)&amp;quot; because &amp;quot;com.associateArchitectAPI.testcases.Put_Update_EmployeeDetails.logger&amp;quot; is null">
      <![CDATA[java.lang.NullPointerException: Cannot invoke "org.apache.log4j.Logger.info(Object)" because "com.associateArchitectAPI.testcases.Put_Update_EmployeeDetails.logger" is null
at com.associateArchitectAPI.testcases.Put_Update_EmployeeDetails.updateEmployeeDetails(Put_Update_EmployeeDetails.java:27)
at java.base/java.util.ArrayList.forEach(ArrayList.java:1511)
... Removed 25 stack frames]]>
    </failure>
  </testcase> <!-- @BeforeClass updateEmployeeDetails -->
  <testcase classname="com.associateArchitect.Web.base.BaseDriver" name="@BeforeMethod setup" time="-1.688679899075E9">
    <skipped/>
  </testcase> <!-- @BeforeMethod setup -->
  <testcase classname="com.associateArchitect.Web.base.BaseDriver" name="@AfterMethod teardown" time="-1.688679899078E9">
    <skipped/>
  </testcase> <!-- @AfterMethod teardown -->
  <testcase classname="com.associateArchitect.Web.base.BaseDriver" name="@BeforeMethod setup" time="-1.688679899079E9">
    <skipped/>
  </testcase> <!-- @BeforeMethod setup -->
  <testcase classname="com.associateArchitect.Web.base.BaseDriver" name="@AfterMethod teardown" time="-1.688679899081E9">
    <skipped/>
  </testcase> <!-- @AfterMethod teardown -->
  <testcase classname="com.associateArchitectAPI.testcases.Put_Update_EmployeeDetails" name="@AfterClass tearDown" time="-1.688679899082E9">
    <skipped/>
  </testcase> <!-- @AfterClass tearDown -->
  <testcase classname="com.associateArchitectAPI.testcases.Get_All_Employees" name="checkContentType" time="0.15">
    <skipped/>
  </testcase> <!-- checkContentType -->
  <testcase classname="com.associateArchitectAPI.testcases.Get_All_Employees" name="checkContentType" time="0.003">
    <skipped/>
  </testcase> <!-- checkContentType -->
  <testcase classname="com.associateArchitectAPI.testcases.Get_All_Employees" name="checkContentType" time="0.002">
    <failure type="java.lang.AssertionError" message="expected [text/html;chartset=UTF-8] but found [application/json]">
      <![CDATA[java.lang.AssertionError: expected [text/html;chartset=UTF-8] but found [application/json]
at com.associateArchitectAPI.testcases.Get_All_Employees.checkContentType(Get_All_Employees.java:71)
at java.base/java.util.ArrayList.forEach(ArrayList.java:1511)
... Removed 33 stack frames]]>
    </failure>
  </testcase> <!-- checkContentType -->
  <testcase classname="com.associateArchitectAPI.testcases.Get_All_Employees" name="checkResponseBody" time="0.031"/>
  <testcase classname="com.associateArchitectAPI.testcases.Get_All_Employees" name="checkResponseTime" time="0.01"/>
  <testcase classname="com.associateArchitectAPI.testcases.Get_All_Employees" name="checkStatusCode" time="0.003"/>
  <testcase classname="com.associateArchitectAPI.testcases.Get_SingleEmployeeDetails" name="checkContentType" time="0.008">
    <skipped/>
  </testcase> <!-- checkContentType -->
  <testcase classname="com.associateArchitectAPI.testcases.Get_SingleEmployeeDetails" name="checkContentType" time="0.007">
    <skipped/>
  </testcase> <!-- checkContentType -->
  <testcase classname="com.associateArchitectAPI.testcases.Get_SingleEmployeeDetails" name="checkContentType" time="0.001">
    <failure type="java.lang.AssertionError" message="expected [text/html;chartset=UTF-8] but found [application/json]">
      <![CDATA[java.lang.AssertionError: expected [text/html;chartset=UTF-8] but found [application/json]
at com.associateArchitectAPI.testcases.Get_SingleEmployeeDetails.checkContentType(Get_SingleEmployeeDetails.java:78)
at java.base/java.util.ArrayList.forEach(ArrayList.java:1511)
... Removed 33 stack frames]]>
    </failure>
  </testcase> <!-- checkContentType -->
  <testcase classname="com.associateArchitectAPI.testcases.Get_SingleEmployeeDetails" name="checkResponseBody" time="0.002">
    <skipped/>
  </testcase> <!-- checkResponseBody -->
  <testcase classname="com.associateArchitectAPI.testcases.Get_SingleEmployeeDetails" name="checkResponseBody" time="0.002">
    <skipped/>
  </testcase> <!-- checkResponseBody -->
  <testcase classname="com.associateArchitectAPI.testcases.Get_SingleEmployeeDetails" name="checkResponseBody" time="0.001">
    <failure type="java.lang.AssertionError" message="expected [true] but found [false]">
      <![CDATA[java.lang.AssertionError: expected [true] but found [false]
at com.associateArchitectAPI.testcases.Get_SingleEmployeeDetails.checkResponseBody(Get_SingleEmployeeDetails.java:42)
at java.base/java.util.ArrayList.forEach(ArrayList.java:1511)
... Removed 33 stack frames]]>
    </failure>
  </testcase> <!-- checkResponseBody -->
  <testcase classname="com.associateArchitectAPI.testcases.Get_SingleEmployeeDetails" name="checkResponseTime" time="0.002"/>
  <testcase classname="com.associateArchitectAPI.testcases.Get_SingleEmployeeDetails" name="checkStatusCode" time="0.002">
    <skipped/>
  </testcase> <!-- checkStatusCode -->
  <testcase classname="com.associateArchitectAPI.testcases.Get_SingleEmployeeDetails" name="checkStatusCode" time="0.002">
    <skipped/>
  </testcase> <!-- checkStatusCode -->
  <testcase classname="com.associateArchitectAPI.testcases.Get_SingleEmployeeDetails" name="checkStatusCode" time="0.003">
    <failure type="java.lang.AssertionError" message="expected [200] but found [404]">
      <![CDATA[java.lang.AssertionError: expected [200] but found [404]
at com.associateArchitectAPI.testcases.Get_SingleEmployeeDetails.checkStatusCode(Get_SingleEmployeeDetails.java:50)
at java.base/java.util.ArrayList.forEach(ArrayList.java:1511)
... Removed 33 stack frames]]>
    </failure>
  </testcase> <!-- checkStatusCode -->
  <testcase classname="com.associateArchitectAPI.testcases.Get_SingleEmployeeDetails" name="checkcontentLength" time="0.003"/>
  <testcase classname="com.associateArchitectAPI.testcases.Get_SingleEmployeeDetails" name="checkserverType" time="0.002"/>
  <testcase classname="com.associateArchitectAPI.testcases.Get_SingleEmployeeDetails" name="checkstatusLine" time="0.001">
    <skipped/>
  </testcase> <!-- checkstatusLine -->
  <testcase classname="com.associateArchitectAPI.testcases.Get_SingleEmployeeDetails" name="checkstatusLine" time="0.002">
    <skipped/>
  </testcase> <!-- checkstatusLine -->
  <testcase classname="com.associateArchitectAPI.testcases.Get_SingleEmployeeDetails" name="checkstatusLine" time="0.001">
    <failure type="java.lang.AssertionError" message="expected [Http/1.1 200 OK] but found [HTTP/1.1 404 Not Found]">
      <![CDATA[java.lang.AssertionError: expected [Http/1.1 200 OK] but found [HTTP/1.1 404 Not Found]
at com.associateArchitectAPI.testcases.Get_SingleEmployeeDetails.checkstatusLine(Get_SingleEmployeeDetails.java:69)
at java.base/java.util.ArrayList.forEach(ArrayList.java:1511)
... Removed 33 stack frames]]>
    </failure>
  </testcase> <!-- checkstatusLine -->
  <testcase classname="com.associateArchitectAPI.testcases.Post_NewRecord_intoDatabase" name="checkContentType" time="0.004">
    <skipped/>
  </testcase> <!-- checkContentType -->
  <testcase classname="com.associateArchitectAPI.testcases.Post_NewRecord_intoDatabase" name="checkContentType" time="0.003">
    <skipped/>
  </testcase> <!-- checkContentType -->
  <testcase classname="com.associateArchitectAPI.testcases.Post_NewRecord_intoDatabase" name="checkContentType" time="0.006">
    <failure type="java.lang.AssertionError" message="expected [text/html;chartset=UTF-8] but found [text/html; charset=UTF-8]">
      <![CDATA[java.lang.AssertionError: expected [text/html;chartset=UTF-8] but found [text/html; charset=UTF-8]
at com.associateArchitectAPI.testcases.Post_NewRecord_intoDatabase.checkContentType(Post_NewRecord_intoDatabase.java:96)
at java.base/java.util.ArrayList.forEach(ArrayList.java:1511)
... Removed 33 stack frames]]>
    </failure>
  </testcase> <!-- checkContentType -->
  <testcase classname="com.associateArchitectAPI.testcases.Post_NewRecord_intoDatabase" name="checkResponseBody" time="0.083">
    <skipped/>
  </testcase> <!-- checkResponseBody -->
  <testcase classname="com.associateArchitectAPI.testcases.Post_NewRecord_intoDatabase" name="checkResponseBody" time="0.001">
    <skipped/>
  </testcase> <!-- checkResponseBody -->
  <testcase classname="com.associateArchitectAPI.testcases.Post_NewRecord_intoDatabase" name="checkResponseBody" time="0.002">
    <failure type="java.lang.AssertionError" message="expected [true] but found [false]">
      <![CDATA[java.lang.AssertionError: expected [true] but found [false]
at com.associateArchitectAPI.testcases.Post_NewRecord_intoDatabase.checkResponseBody(Post_NewRecord_intoDatabase.java:58)
at java.base/java.util.ArrayList.forEach(ArrayList.java:1511)
... Removed 33 stack frames]]>
    </failure>
  </testcase> <!-- checkResponseBody -->
  <testcase classname="com.associateArchitectAPI.testcases.Post_NewRecord_intoDatabase" name="checkResponseTime" time="0.001"/>
  <testcase classname="com.associateArchitectAPI.testcases.Post_NewRecord_intoDatabase" name="checkStatusCode" time="0.002">
    <skipped/>
  </testcase> <!-- checkStatusCode -->
  <testcase classname="com.associateArchitectAPI.testcases.Post_NewRecord_intoDatabase" name="checkStatusCode" time="0.003">
    <skipped/>
  </testcase> <!-- checkStatusCode -->
  <testcase classname="com.associateArchitectAPI.testcases.Post_NewRecord_intoDatabase" name="checkStatusCode" time="0.003">
    <failure type="java.lang.AssertionError" message="expected [200] but found [429]">
      <![CDATA[java.lang.AssertionError: expected [200] but found [429]
at com.associateArchitectAPI.testcases.Post_NewRecord_intoDatabase.checkStatusCode(Post_NewRecord_intoDatabase.java:68)
at java.base/java.util.ArrayList.forEach(ArrayList.java:1511)
... Removed 33 stack frames]]>
    </failure>
  </testcase> <!-- checkStatusCode -->
  <testcase classname="com.associateArchitectAPI.testcases.Post_NewRecord_intoDatabase" name="checkcontentEncoding" time="0.001"/>
  <testcase classname="com.associateArchitectAPI.testcases.Post_NewRecord_intoDatabase" name="checkcontentLength" time="0.002"/>
  <testcase classname="com.associateArchitectAPI.testcases.Post_NewRecord_intoDatabase" name="checkserverType" time="0.006">
    <skipped/>
  </testcase> <!-- checkserverType -->
  <testcase classname="com.associateArchitectAPI.testcases.Post_NewRecord_intoDatabase" name="checkserverType" time="0.001">
    <skipped/>
  </testcase> <!-- checkserverType -->
  <testcase classname="com.associateArchitectAPI.testcases.Post_NewRecord_intoDatabase" name="checkserverType" time="0.001">
    <failure type="java.lang.AssertionError" message="expected [nginx/1.21.6] but found [Apache]">
      <![CDATA[java.lang.AssertionError: expected [nginx/1.21.6] but found [Apache]
at com.associateArchitectAPI.testcases.Post_NewRecord_intoDatabase.checkserverType(Post_NewRecord_intoDatabase.java:106)
at java.base/java.util.ArrayList.forEach(ArrayList.java:1511)
... Removed 33 stack frames]]>
    </failure>
  </testcase> <!-- checkserverType -->
  <testcase classname="com.associateArchitectAPI.testcases.Post_NewRecord_intoDatabase" name="checkstatusLine" time="0.002">
    <skipped/>
  </testcase> <!-- checkstatusLine -->
  <testcase classname="com.associateArchitectAPI.testcases.Post_NewRecord_intoDatabase" name="checkstatusLine" time="0.002">
    <skipped/>
  </testcase> <!-- checkstatusLine -->
  <testcase classname="com.associateArchitectAPI.testcases.Post_NewRecord_intoDatabase" name="checkstatusLine" time="0.001">
    <failure type="java.lang.AssertionError" message="expected [HTTP/1.1 200 OK] but found [HTTP/1.1 429 Too Many Requests]">
      <![CDATA[java.lang.AssertionError: expected [HTTP/1.1 200 OK] but found [HTTP/1.1 429 Too Many Requests]
at com.associateArchitectAPI.testcases.Post_NewRecord_intoDatabase.checkstatusLine(Post_NewRecord_intoDatabase.java:87)
at java.base/java.util.ArrayList.forEach(ArrayList.java:1511)
... Removed 33 stack frames]]>
    </failure>
  </testcase> <!-- checkstatusLine -->
  <testcase classname="com.associateArchitectAPI.testcases.Put_Update_EmployeeDetails" name="checkResponseBody" time="0.0">
    <skipped/>
  </testcase> <!-- checkResponseBody -->
  <testcase classname="com.associateArchitectAPI.testcases.Put_Update_EmployeeDetails" name="checkStatusCode" time="0.0">
    <skipped/>
  </testcase> <!-- checkStatusCode -->
</testsuite> <!-- restassuredtestcases -->
