<?xml version="1.0" encoding="UTF-8"?>
<!-- Generated by org.testng.reporters.JUnitXMLReporter -->
<testsuite ignored="0" hostname="BSA-Laptop" failures="1" tests="3" name="TestNG testcases" time="64.404" errors="0" timestamp="2023-07-11T07:26:09 IST">
  <testcase classname="com.associateArchitect.Web.testcases.create_w3schoolprofile" name="createprofile" time="0.08">
    <skipped/>
  </testcase> <!-- createprofile -->
  <testcase classname="com.associateArchitect.Web.testcases.create_w3schoolprofile" name="createprofile" time="0.004">
    <skipped/>
  </testcase> <!-- createprofile -->
  <testcase classname="com.associateArchitect.Web.testcases.create_w3schoolprofile" name="createprofile" time="0.001">
    <failure type="java.lang.AssertionError" message="Create Profile Testcase is Failed">
      <![CDATA[java.lang.AssertionError: Create Profile Testcase is Failed
at com.associateArchitect.Web.testcases.create_w3schoolprofile.createprofile(create_w3schoolprofile.java:40)
at java.base/java.util.ArrayList.forEach(ArrayList.java:1541)
Caused by: java.lang.NullPointerException
at com.associateArchitect.Pages.w3Loginpage.clickLoginButton(w3Loginpage.java:29)
at com.associateArchitect.Web.testcases.create_w3schoolprofile.createprofile(create_w3schoolprofile.java:23)
... 28 more
... Removed 28 stack frames]]>
    </failure>
  </testcase> <!-- createprofile -->
</testsuite> <!-- TestNG testcases -->
