<!DOCTYPE html>

<html>
  <head>
  <meta charset='utf-8'>
  <title>TestNG reports</title>

    <link type="text/css" href="testng-reports1.css" rel="stylesheet" id="ultra" />
    <link type="text/css" href="testng-reports.css" rel="stylesheet" id="retro" disabled="false"/>
    <script type="text/javascript" src="jquery.min.js"></script>
    <script type="text/javascript" src="testng-reports.js"></script>
    <script type="text/javascript" src="https://www.google.com/jsapi"></script>
    <script type='text/javascript'>
      google.load('visualization', '1', {packages:['table']});
      google.setOnLoadCallback(drawTable);
      var suiteTableInitFunctions = new Array();
      var suiteTableData = new Array();
    </script>
    <!--
      <script type="text/javascript" src="jquery-ui/js/jquery-ui-1.8.16.custom.min.js"></script>
     -->
  </head>

  <body>
    <div class="top-banner-root">
      <span class="top-banner-title-font">Test results</span>
      <button id="button" class="button">Switch Retro Theme</button> <!-- button -->
      <br/>
      <span class="top-banner-font-1">1 suite, 2 failed tests</span>
    </div> <!-- top-banner-root -->
    <div class="navigator-root">
      <div class="navigator-suite-header">
        <span>All suites</span>
        <a href="#" title="Collapse/expand all the suites" class="collapse-all-link">
          <img src="collapseall.gif" class="collapse-all-icon">
          </img> <!-- collapse-all-icon -->
        </a> <!-- collapse-all-link -->
      </div> <!-- navigator-suite-header -->
      <div class="suite">
        <div class="rounded-window">
          <div class="suite-header light-rounded-window-top">
            <a href="#" panel-name="suite-webautomationtestsuite" class="navigator-link">
              <span class="suite-name border-failed">webautomationtestsuite</span>
            </a> <!-- navigator-link -->
          </div> <!-- suite-header light-rounded-window-top -->
          <div class="navigator-suite-content">
            <div class="suite-section-title">
              <span>Info</span>
            </div> <!-- suite-section-title -->
            <div class="suite-section-content">
              <ul>
                <li>
                  <a href="#" panel-name="test-xml-webautomationtestsuite" class="navigator-link ">
                    <span>C:\Users\BSA\git\Associate-Architect\AAAutomationFramework\src\test\resources\testexecution\testng.xml</span>
                  </a> <!-- navigator-link  -->
                </li>
                <li>
                  <a href="#" panel-name="testlist-webautomationtestsuite" class="navigator-link ">
                    <span class="test-stats">1 test</span>
                  </a> <!-- navigator-link  -->
                </li>
                <li>
                  <a href="#" panel-name="group-webautomationtestsuite" class="navigator-link ">
                    <span>0 groups</span>
                  </a> <!-- navigator-link  -->
                </li>
                <li>
                  <a href="#" panel-name="times-webautomationtestsuite" class="navigator-link ">
                    <span>Times</span>
                  </a> <!-- navigator-link  -->
                </li>
                <li>
                  <a href="#" panel-name="reporter-webautomationtestsuite" class="navigator-link ">
                    <span>Reporter output</span>
                  </a> <!-- navigator-link  -->
                </li>
                <li>
                  <a href="#" panel-name="ignored-methods-webautomationtestsuite" class="navigator-link ">
                    <span>Ignored methods</span>
                  </a> <!-- navigator-link  -->
                </li>
                <li>
                  <a href="#" panel-name="chronological-webautomationtestsuite" class="navigator-link ">
                    <span>Chronological view</span>
                  </a> <!-- navigator-link  -->
                </li>
              </ul>
            </div> <!-- suite-section-content -->
            <div class="result-section">
              <div class="suite-section-title">
                <span>Results</span>
              </div> <!-- suite-section-title -->
              <div class="suite-section-content">
                <ul>
                  <li>
                    <span class="method-stats">7 methods, 2 failed,  4 skipped,  1 passed</span>
                  </li>
                  <li>
                    <span class="method-list-title failed">Failed methods</span>
                    <span class="show-or-hide-methods failed">
                      <a href="#" panel-name="suite-webautomationtestsuite" class="hide-methods failed suite-webautomationtestsuite"> (hide)</a> <!-- hide-methods failed suite-webautomationtestsuite -->
                      <a href="#" panel-name="suite-webautomationtestsuite" class="show-methods failed suite-webautomationtestsuite"> (show)</a> <!-- show-methods failed suite-webautomationtestsuite -->
                    </span>
                    <div class="method-list-content failed suite-webautomationtestsuite">
                      <span>
                        <img src="failed.png" width="3%"/>
                        <a href="#" panel-name="suite-webautomationtestsuite" title="com.associateArchitect.Web.testcases.create_w3schoolprofile" class="method navigator-link" hash-for-method="createprofile(vinayquiet@gmail.com, Bunny@123, Darshith, Appasanipalli)">createprofile(vinayquiet@gmail.com, Bunny@123, Darshith, Appasanipalli)</a> <!-- method navigator-link -->
                      </span>
                      <br/>
                      <span>
                        <img src="failed.png" width="3%"/>
                        <a href="#" panel-name="suite-webautomationtestsuite" title="com.associateArchitect.Web.testcases.delete_w3schoolprofile" class="method navigator-link" hash-for-method="deleteprofile(vinayquiet@gmail.com, Bunny@123456, vinay)">deleteprofile(vinayquiet@gmail.com, Bunny@123456, vinay)</a> <!-- method navigator-link -->
                      </span>
                      <br/>
                    </div> <!-- method-list-content failed suite-webautomationtestsuite -->
                  </li>
                  <li>
                    <span class="method-list-title skipped">Retried methods</span>
                    <span class="show-or-hide-methods skipped">
                      <a href="#" panel-name="suite-webautomationtestsuite" class="hide-methods skipped suite-webautomationtestsuite"> (hide)</a> <!-- hide-methods skipped suite-webautomationtestsuite -->
                      <a href="#" panel-name="suite-webautomationtestsuite" class="show-methods skipped suite-webautomationtestsuite"> (show)</a> <!-- show-methods skipped suite-webautomationtestsuite -->
                    </span>
                    <div class="method-list-content skipped suite-webautomationtestsuite">
                      <span>
                        <img src="skipped.png" width="3%"/>
                        <a href="#" panel-name="suite-webautomationtestsuite" title="com.associateArchitect.Web.testcases.create_w3schoolprofile" class="method navigator-link" hash-for-method="createprofile(vinayquiet@gmail.com, Bunny@123, Darshith, Appasanipalli)">createprofile(vinayquiet@gmail.com, Bunny@123, Darshith, Appasanipalli)</a> <!-- method navigator-link -->
                      </span>
                      <br/>
                      <span>
                        <img src="skipped.png" width="3%"/>
                        <a href="#" panel-name="suite-webautomationtestsuite" title="com.associateArchitect.Web.testcases.create_w3schoolprofile" class="method navigator-link" hash-for-method="createprofile(vinayquiet@gmail.com, Bunny@123, Darshith, Appasanipalli)">createprofile(vinayquiet@gmail.com, Bunny@123, Darshith, Appasanipalli)</a> <!-- method navigator-link -->
                      </span>
                      <br/>
                      <span>
                        <img src="skipped.png" width="3%"/>
                        <a href="#" panel-name="suite-webautomationtestsuite" title="com.associateArchitect.Web.testcases.delete_w3schoolprofile" class="method navigator-link" hash-for-method="deleteprofile(vinayquiet@gmail.com, Bunny@123456, vinay)">deleteprofile(vinayquiet@gmail.com, Bunny@123456, vinay)</a> <!-- method navigator-link -->
                      </span>
                      <br/>
                      <span>
                        <img src="skipped.png" width="3%"/>
                        <a href="#" panel-name="suite-webautomationtestsuite" title="com.associateArchitect.Web.testcases.delete_w3schoolprofile" class="method navigator-link" hash-for-method="deleteprofile(vinayquiet@gmail.com, Bunny@123456, vinay)">deleteprofile(vinayquiet@gmail.com, Bunny@123456, vinay)</a> <!-- method navigator-link -->
                      </span>
                      <br/>
                    </div> <!-- method-list-content skipped suite-webautomationtestsuite -->
                  </li>
                  <li>
                    <span class="method-list-title passed">Passed methods</span>
                    <span class="show-or-hide-methods passed">
                      <a href="#" panel-name="suite-webautomationtestsuite" class="hide-methods passed suite-webautomationtestsuite"> (hide)</a> <!-- hide-methods passed suite-webautomationtestsuite -->
                      <a href="#" panel-name="suite-webautomationtestsuite" class="show-methods passed suite-webautomationtestsuite"> (show)</a> <!-- show-methods passed suite-webautomationtestsuite -->
                    </span>
                    <div class="method-list-content passed suite-webautomationtestsuite">
                      <span>
                        <img src="passed.png" width="3%"/>
                        <a href="#" panel-name="suite-webautomationtestsuite" title="com.associateArchitect.Web.testcases.update_w3schoolprofile" class="method navigator-link" hash-for-method="updateprofile(vinayquiet@gmail.com, Bunny@123, vinay)">updateprofile(vinayquiet@gmail.com, Bunny@123, vinay)</a> <!-- method navigator-link -->
                      </span>
                      <br/>
                    </div> <!-- method-list-content passed suite-webautomationtestsuite -->
                  </li>
                </ul>
              </div> <!-- suite-section-content -->
            </div> <!-- result-section -->
          </div> <!-- navigator-suite-content -->
        </div> <!-- rounded-window -->
      </div> <!-- suite -->
    </div> <!-- navigator-root -->
    <div class="wrapper">
      <div class="main-panel-root">
        <div panel-name="suite-webautomationtestsuite" class="panel webautomationtestsuite">
          <div class="suite-webautomationtestsuite-class-failed">
            <div class="main-panel-header rounded-window-top">
              <img src="failed.png"/>
              <span class="class-name">com.associateArchitect.Web.testcases.create_w3schoolprofile</span>
            </div> <!-- main-panel-header rounded-window-top -->
            <div class="main-panel-content rounded-window-bottom">
              <div class="method">
                <div class="method-content">
                  <a name="createprofile(vinayquiet@gmail.com, Bunny@123, Darshith, Appasanipalli)">
                  </a> <!-- createprofile(vinayquiet@gmail.com, Bunny@123, Darshith, Appasanipalli) -->
                  <span class="method-name">createprofile</span>
                  <span class="parameters">(vinayquiet@gmail.com, Bunny@123, Darshith, Appasanipalli)</span>
                  <div class="stack-trace">java.lang.AssertionError: Create Profile Testcase is Failed
	at com.associateArchitect.Web.testcases.create_w3schoolprofile.createprofile(create_w3schoolprofile.java:38)
	at java.base/java.util.ArrayList.forEach(ArrayList.java:1541)
Caused by: org.openqa.selenium.NoSuchElementException: Unable to locate element: //a[@id=&apos;w3loginbtn&apos;]
For documentation on this error, please visit: https://selenium.dev/exceptions/#no_such_element
Build info: version: &apos;4.8.3&apos;, revision: &apos;e5e76298c3&apos;
System info: os.name: &apos;Windows 11&apos;, os.arch: &apos;amd64&apos;, os.version: &apos;10.0&apos;, java.version: &apos;11.0.18&apos;
Driver info: org.openqa.selenium.firefox.FirefoxDriver
Command: [fd2aa41d-addc-4f47-b983-25fbb9dd87be, findElement {using=xpath, value=//a[@id=&apos;w3loginbtn&apos;]}]
Capabilities {acceptInsecureCerts: true, browserName: firefox, browserVersion: 114.0.2, moz:accessibilityChecks: false, moz:buildID: 20230619081400, moz:debuggerAddress: 127.0.0.1:26998, moz:geckodriverVersion: 0.33.0, moz:headless: false, moz:platformVersion: 10.0, moz:processID: 16204, moz:profile: C:\Users\BSA\AppData\Local\..., moz:shutdownTimeout: 60000, moz:useNonSpecCompliantPointerOrigin: false, moz:webdriverClick: true, moz:windowless: false, pageLoadStrategy: normal, platformName: WINDOWS, proxy: Proxy(), se:cdp: ws://127.0.0.1:26998/devtoo..., se:cdpVersion: 85.0, setWindowRect: true, strictFileInteractability: false, timeouts: {implicit: 0, pageLoad: 300000, script: 30000}, unhandledPromptBehavior: dismiss and notify}
Session ID: fd2aa41d-addc-4f47-b983-25fbb9dd87be
	at org.openqa.selenium.remote.codec.w3c.W3CHttpResponseCodec.createException(W3CHttpResponseCodec.java:200)
	at org.openqa.selenium.remote.codec.w3c.W3CHttpResponseCodec.decode(W3CHttpResponseCodec.java:133)
	at org.openqa.selenium.remote.codec.w3c.W3CHttpResponseCodec.decode(W3CHttpResponseCodec.java:53)
	at org.openqa.selenium.remote.HttpCommandExecutor.execute(HttpCommandExecutor.java:193)
	at org.openqa.selenium.remote.service.DriverCommandExecutor.invokeExecute(DriverCommandExecutor.java:183)
	at org.openqa.selenium.remote.service.DriverCommandExecutor.execute(DriverCommandExecutor.java:158)
	at org.openqa.selenium.remote.RemoteWebDriver.execute(RemoteWebDriver.java:543)
	at org.openqa.selenium.remote.ElementLocation$ElementFinder$2.findElement(ElementLocation.java:162)
	at org.openqa.selenium.remote.ElementLocation.findElement(ElementLocation.java:60)
	at org.openqa.selenium.remote.RemoteWebDriver.findElement(RemoteWebDriver.java:352)
	at org.openqa.selenium.remote.RemoteWebDriver.findElement(RemoteWebDriver.java:344)
	at com.associateArchitect.Pages.w3Loginpage.clickLoginButton(w3Loginpage.java:29)
	at com.associateArchitect.Web.testcases.create_w3schoolprofile.createprofile(create_w3schoolprofile.java:20)
	... 28 more
... Removed 32 stack frames
</div> <!-- stack-trace -->
                </div> <!-- method-content -->
              </div> <!-- method -->
            </div> <!-- main-panel-content rounded-window-bottom -->
          </div> <!-- suite-webautomationtestsuite-class-failed -->
          <div class="suite-webautomationtestsuite-class-failed">
            <div class="main-panel-header rounded-window-top">
              <img src="failed.png"/>
              <span class="class-name">com.associateArchitect.Web.testcases.delete_w3schoolprofile</span>
            </div> <!-- main-panel-header rounded-window-top -->
            <div class="main-panel-content rounded-window-bottom">
              <div class="method">
                <div class="method-content">
                  <a name="deleteprofile(vinayquiet@gmail.com, Bunny@123456, vinay)">
                  </a> <!-- deleteprofile(vinayquiet@gmail.com, Bunny@123456, vinay) -->
                  <span class="method-name">deleteprofile</span>
                  <span class="parameters">(vinayquiet@gmail.com, Bunny@123456, vinay)</span>
                  <div class="stack-trace">java.lang.AssertionError: Delete Profile Testcase is Failed
	at com.associateArchitect.Web.testcases.delete_w3schoolprofile.deleteprofile(delete_w3schoolprofile.java:35)
	at java.base/java.util.ArrayList.forEach(ArrayList.java:1541)
Caused by: java.lang.AssertionError: User Logged in Failed. expected [My learning | W3Schools] but found [MakeMyTrip USA - #1 Travel Website for Flight Booking, Airline Tickets]
	at com.associateArchitect.Web.testcases.delete_w3schoolprofile.deleteprofile(delete_w3schoolprofile.java:20)
	... 28 more
... Removed 33 stack frames
</div> <!-- stack-trace -->
                </div> <!-- method-content -->
              </div> <!-- method -->
            </div> <!-- main-panel-content rounded-window-bottom -->
          </div> <!-- suite-webautomationtestsuite-class-failed -->
          <div class="suite-webautomationtestsuite-class-skipped">
            <div class="main-panel-header rounded-window-top">
              <img src="skipped.png"/>
              <span class="class-name">com.associateArchitect.Web.testcases.create_w3schoolprofile</span>
            </div> <!-- main-panel-header rounded-window-top -->
            <div class="main-panel-content rounded-window-bottom">
              <div class="method">
                <div class="method-content">
                  <a name="createprofile(vinayquiet@gmail.com, Bunny@123, Darshith, Appasanipalli)">
                  </a> <!-- createprofile(vinayquiet@gmail.com, Bunny@123, Darshith, Appasanipalli) -->
                  <span class="method-name">createprofile</span>
                  <span class="parameters">(vinayquiet@gmail.com, Bunny@123, Darshith, Appasanipalli)</span>
                  <div class="stack-trace">java.lang.AssertionError: Create Profile Testcase is Failed
	at com.associateArchitect.Web.testcases.create_w3schoolprofile.createprofile(create_w3schoolprofile.java:38)
	at java.base/java.util.ArrayList.forEach(ArrayList.java:1541)
Caused by: org.openqa.selenium.NoSuchElementException: Unable to locate element: //a[@id=&apos;w3loginbtn&apos;]
For documentation on this error, please visit: https://selenium.dev/exceptions/#no_such_element
Build info: version: &apos;4.8.3&apos;, revision: &apos;e5e76298c3&apos;
System info: os.name: &apos;Windows 11&apos;, os.arch: &apos;amd64&apos;, os.version: &apos;10.0&apos;, java.version: &apos;11.0.18&apos;
Driver info: org.openqa.selenium.firefox.FirefoxDriver
Command: [ac586b58-efa1-429a-bf62-92035c43f22d, findElement {using=xpath, value=//a[@id=&apos;w3loginbtn&apos;]}]
Capabilities {acceptInsecureCerts: true, browserName: firefox, browserVersion: 114.0.2, moz:accessibilityChecks: false, moz:buildID: 20230619081400, moz:debuggerAddress: 127.0.0.1:43945, moz:geckodriverVersion: 0.33.0, moz:headless: false, moz:platformVersion: 10.0, moz:processID: 488, moz:profile: C:\Users\BSA\AppData\Local\..., moz:shutdownTimeout: 60000, moz:useNonSpecCompliantPointerOrigin: false, moz:webdriverClick: true, moz:windowless: false, pageLoadStrategy: normal, platformName: WINDOWS, proxy: Proxy(), se:cdp: ws://127.0.0.1:43945/devtoo..., se:cdpVersion: 85.0, setWindowRect: true, strictFileInteractability: false, timeouts: {implicit: 0, pageLoad: 300000, script: 30000}, unhandledPromptBehavior: dismiss and notify}
Session ID: ac586b58-efa1-429a-bf62-92035c43f22d
	at org.openqa.selenium.remote.codec.w3c.W3CHttpResponseCodec.createException(W3CHttpResponseCodec.java:200)
	at org.openqa.selenium.remote.codec.w3c.W3CHttpResponseCodec.decode(W3CHttpResponseCodec.java:133)
	at org.openqa.selenium.remote.codec.w3c.W3CHttpResponseCodec.decode(W3CHttpResponseCodec.java:53)
	at org.openqa.selenium.remote.HttpCommandExecutor.execute(HttpCommandExecutor.java:193)
	at org.openqa.selenium.remote.service.DriverCommandExecutor.invokeExecute(DriverCommandExecutor.java:183)
	at org.openqa.selenium.remote.service.DriverCommandExecutor.execute(DriverCommandExecutor.java:158)
	at org.openqa.selenium.remote.RemoteWebDriver.execute(RemoteWebDriver.java:543)
	at org.openqa.selenium.remote.ElementLocation$ElementFinder$2.findElement(ElementLocation.java:162)
	at org.openqa.selenium.remote.ElementLocation.findElement(ElementLocation.java:60)
	at org.openqa.selenium.remote.RemoteWebDriver.findElement(RemoteWebDriver.java:352)
	at org.openqa.selenium.remote.RemoteWebDriver.findElement(RemoteWebDriver.java:344)
	at com.associateArchitect.Pages.w3Loginpage.clickLoginButton(w3Loginpage.java:29)
	at com.associateArchitect.Web.testcases.create_w3schoolprofile.createprofile(create_w3schoolprofile.java:20)
	... 28 more
... Removed 32 stack frames
</div> <!-- stack-trace -->
                </div> <!-- method-content -->
              </div> <!-- method -->
              <div class="method">
                <div class="method-content">
                  <a name="createprofile(vinayquiet@gmail.com, Bunny@123, Darshith, Appasanipalli)">
                  </a> <!-- createprofile(vinayquiet@gmail.com, Bunny@123, Darshith, Appasanipalli) -->
                  <span class="method-name">createprofile</span>
                  <span class="parameters">(vinayquiet@gmail.com, Bunny@123, Darshith, Appasanipalli)</span>
                  <div class="stack-trace">java.lang.AssertionError: Create Profile Testcase is Failed
	at com.associateArchitect.Web.testcases.create_w3schoolprofile.createprofile(create_w3schoolprofile.java:38)
	at java.base/java.util.ArrayList.forEach(ArrayList.java:1541)
Caused by: org.openqa.selenium.NoSuchElementException: Unable to locate element: //a[@id=&apos;w3loginbtn&apos;]
For documentation on this error, please visit: https://selenium.dev/exceptions/#no_such_element
Build info: version: &apos;4.8.3&apos;, revision: &apos;e5e76298c3&apos;
System info: os.name: &apos;Windows 11&apos;, os.arch: &apos;amd64&apos;, os.version: &apos;10.0&apos;, java.version: &apos;11.0.18&apos;
Driver info: org.openqa.selenium.firefox.FirefoxDriver
Command: [db1b9616-be69-425e-be78-dec1a9aa6844, findElement {using=xpath, value=//a[@id=&apos;w3loginbtn&apos;]}]
Capabilities {acceptInsecureCerts: true, browserName: firefox, browserVersion: 114.0.2, moz:accessibilityChecks: false, moz:buildID: 20230619081400, moz:debuggerAddress: 127.0.0.1:31612, moz:geckodriverVersion: 0.33.0, moz:headless: false, moz:platformVersion: 10.0, moz:processID: 3848, moz:profile: C:\Users\BSA\AppData\Local\..., moz:shutdownTimeout: 60000, moz:useNonSpecCompliantPointerOrigin: false, moz:webdriverClick: true, moz:windowless: false, pageLoadStrategy: normal, platformName: WINDOWS, proxy: Proxy(), se:cdp: ws://127.0.0.1:31612/devtoo..., se:cdpVersion: 85.0, setWindowRect: true, strictFileInteractability: false, timeouts: {implicit: 0, pageLoad: 300000, script: 30000}, unhandledPromptBehavior: dismiss and notify}
Session ID: db1b9616-be69-425e-be78-dec1a9aa6844
	at org.openqa.selenium.remote.codec.w3c.W3CHttpResponseCodec.createException(W3CHttpResponseCodec.java:200)
	at org.openqa.selenium.remote.codec.w3c.W3CHttpResponseCodec.decode(W3CHttpResponseCodec.java:133)
	at org.openqa.selenium.remote.codec.w3c.W3CHttpResponseCodec.decode(W3CHttpResponseCodec.java:53)
	at org.openqa.selenium.remote.HttpCommandExecutor.execute(HttpCommandExecutor.java:193)
	at org.openqa.selenium.remote.service.DriverCommandExecutor.invokeExecute(DriverCommandExecutor.java:183)
	at org.openqa.selenium.remote.service.DriverCommandExecutor.execute(DriverCommandExecutor.java:158)
	at org.openqa.selenium.remote.RemoteWebDriver.execute(RemoteWebDriver.java:543)
	at org.openqa.selenium.remote.ElementLocation$ElementFinder$2.findElement(ElementLocation.java:162)
	at org.openqa.selenium.remote.ElementLocation.findElement(ElementLocation.java:60)
	at org.openqa.selenium.remote.RemoteWebDriver.findElement(RemoteWebDriver.java:352)
	at org.openqa.selenium.remote.RemoteWebDriver.findElement(RemoteWebDriver.java:344)
	at com.associateArchitect.Pages.w3Loginpage.clickLoginButton(w3Loginpage.java:29)
	at com.associateArchitect.Web.testcases.create_w3schoolprofile.createprofile(create_w3schoolprofile.java:20)
	... 28 more
... Removed 32 stack frames
</div> <!-- stack-trace -->
                </div> <!-- method-content -->
              </div> <!-- method -->
            </div> <!-- main-panel-content rounded-window-bottom -->
          </div> <!-- suite-webautomationtestsuite-class-skipped -->
          <div class="suite-webautomationtestsuite-class-skipped">
            <div class="main-panel-header rounded-window-top">
              <img src="skipped.png"/>
              <span class="class-name">com.associateArchitect.Web.testcases.delete_w3schoolprofile</span>
            </div> <!-- main-panel-header rounded-window-top -->
            <div class="main-panel-content rounded-window-bottom">
              <div class="method">
                <div class="method-content">
                  <a name="deleteprofile(vinayquiet@gmail.com, Bunny@123456, vinay)">
                  </a> <!-- deleteprofile(vinayquiet@gmail.com, Bunny@123456, vinay) -->
                  <span class="method-name">deleteprofile</span>
                  <span class="parameters">(vinayquiet@gmail.com, Bunny@123456, vinay)</span>
                  <div class="stack-trace">java.lang.AssertionError: Delete Profile Testcase is Failed
	at com.associateArchitect.Web.testcases.delete_w3schoolprofile.deleteprofile(delete_w3schoolprofile.java:35)
	at java.base/java.util.ArrayList.forEach(ArrayList.java:1541)
Caused by: java.lang.AssertionError: User Logged in Failed. expected [My learning | W3Schools] but found [MakeMyTrip USA - #1 Travel Website for Flight Booking, Airline Tickets]
	at com.associateArchitect.Web.testcases.delete_w3schoolprofile.deleteprofile(delete_w3schoolprofile.java:20)
	... 28 more
... Removed 33 stack frames
</div> <!-- stack-trace -->
                </div> <!-- method-content -->
              </div> <!-- method -->
              <div class="method">
                <div class="method-content">
                  <a name="deleteprofile(vinayquiet@gmail.com, Bunny@123456, vinay)">
                  </a> <!-- deleteprofile(vinayquiet@gmail.com, Bunny@123456, vinay) -->
                  <span class="method-name">deleteprofile</span>
                  <span class="parameters">(vinayquiet@gmail.com, Bunny@123456, vinay)</span>
                  <div class="stack-trace">java.lang.AssertionError: Delete Profile Testcase is Failed
	at com.associateArchitect.Web.testcases.delete_w3schoolprofile.deleteprofile(delete_w3schoolprofile.java:35)
	at java.base/java.util.ArrayList.forEach(ArrayList.java:1541)
Caused by: java.lang.AssertionError: User Logged in Failed. expected [My learning | W3Schools] but found [MakeMyTrip USA - #1 Travel Website for Flight Booking, Airline Tickets]
	at com.associateArchitect.Web.testcases.delete_w3schoolprofile.deleteprofile(delete_w3schoolprofile.java:20)
	... 28 more
... Removed 33 stack frames
</div> <!-- stack-trace -->
                </div> <!-- method-content -->
              </div> <!-- method -->
            </div> <!-- main-panel-content rounded-window-bottom -->
          </div> <!-- suite-webautomationtestsuite-class-skipped -->
          <div class="suite-webautomationtestsuite-class-passed">
            <div class="main-panel-header rounded-window-top">
              <img src="passed.png"/>
              <span class="class-name">com.associateArchitect.Web.testcases.update_w3schoolprofile</span>
            </div> <!-- main-panel-header rounded-window-top -->
            <div class="main-panel-content rounded-window-bottom">
              <div class="method">
                <div class="method-content">
                  <a name="updateprofile(vinayquiet@gmail.com, Bunny@123, vinay)">
                  </a> <!-- updateprofile(vinayquiet@gmail.com, Bunny@123, vinay) -->
                  <span class="method-name">updateprofile</span>
                  <span class="parameters">(vinayquiet@gmail.com, Bunny@123, vinay)</span>
                </div> <!-- method-content -->
              </div> <!-- method -->
            </div> <!-- main-panel-content rounded-window-bottom -->
          </div> <!-- suite-webautomationtestsuite-class-passed -->
        </div> <!-- panel webautomationtestsuite -->
        <div panel-name="test-xml-webautomationtestsuite" class="panel">
          <div class="main-panel-header rounded-window-top">
            <span class="header-content">C:\Users\BSA\git\Associate-Architect\AAAutomationFramework\src\test\resources\testexecution\testng.xml</span>
          </div> <!-- main-panel-header rounded-window-top -->
          <div class="main-panel-content rounded-window-bottom">
            <pre>
&lt;?xml version=&quot;1.0&quot; encoding=&quot;UTF-8&quot;?&gt;
&lt;!DOCTYPE suite SYSTEM &quot;https://testng.org/testng-1.0.dtd&quot;&gt;
&lt;suite name=&quot;webautomationtestsuite&quot;&gt;
  &lt;listeners&gt;
    &lt;listener class-name=&quot;com.associateArchitect.Utilities.CommonFunctions&quot;/&gt;
  &lt;/listeners&gt;
  &lt;test thread-count=&quot;5&quot; name=&quot;webautomationtestcases&quot;&gt;
    &lt;classes&gt;
      &lt;class name=&quot;com.associateArchitect.Web.testcases.create_w3schoolprofile&quot;/&gt;
      &lt;class name=&quot;com.associateArchitect.Web.testcases.update_w3schoolprofile&quot;/&gt;
      &lt;class name=&quot;com.associateArchitect.Web.testcases.delete_w3schoolprofile&quot;/&gt;
    &lt;/classes&gt;
  &lt;/test&gt; &lt;!-- webautomationtestcases --&gt;
&lt;/suite&gt; &lt;!-- webautomationtestsuite --&gt;
            </pre>
          </div> <!-- main-panel-content rounded-window-bottom -->
        </div> <!-- panel -->
        <div panel-name="testlist-webautomationtestsuite" class="panel">
          <div class="main-panel-header rounded-window-top">
            <span class="header-content">Tests for webautomationtestsuite</span>
          </div> <!-- main-panel-header rounded-window-top -->
          <div class="main-panel-content rounded-window-bottom">
            <ul>
              <li>
                <span class="test-name">webautomationtestcases (3 classes)</span>
              </li>
            </ul>
          </div> <!-- main-panel-content rounded-window-bottom -->
        </div> <!-- panel -->
        <div panel-name="group-webautomationtestsuite" class="panel">
          <div class="main-panel-header rounded-window-top">
            <span class="header-content">Groups for webautomationtestsuite</span>
          </div> <!-- main-panel-header rounded-window-top -->
          <div class="main-panel-content rounded-window-bottom">
          </div> <!-- main-panel-content rounded-window-bottom -->
        </div> <!-- panel -->
        <div panel-name="times-webautomationtestsuite" class="panel">
          <div class="main-panel-header rounded-window-top">
            <span class="header-content">Times for webautomationtestsuite</span>
          </div> <!-- main-panel-header rounded-window-top -->
          <div class="main-panel-content rounded-window-bottom">
            <div class="times-div">
              <script type="text/javascript">
suiteTableInitFunctions.push('tableData_webautomationtestsuite');
function tableData_webautomationtestsuite() {
var data = new google.visualization.DataTable();
data.addColumn('number', 'Number');
data.addColumn('string', 'Method');
data.addColumn('string', 'Class');
data.addColumn('number', 'Time (ms)');
data.addRows(7);
data.setCell(0, 0, 0)
data.setCell(0, 1, 'createprofile')
data.setCell(0, 2, 'com.associateArchitect.Web.testcases.create_w3schoolprofile')
data.setCell(0, 3, 172);
data.setCell(1, 0, 1)
data.setCell(1, 1, 'createprofile')
data.setCell(1, 2, 'com.associateArchitect.Web.testcases.create_w3schoolprofile')
data.setCell(1, 3, 75);
data.setCell(2, 0, 2)
data.setCell(2, 1, 'createprofile')
data.setCell(2, 2, 'com.associateArchitect.Web.testcases.create_w3schoolprofile')
data.setCell(2, 3, 44);
data.setCell(3, 0, 3)
data.setCell(3, 1, 'deleteprofile')
data.setCell(3, 2, 'com.associateArchitect.Web.testcases.delete_w3schoolprofile')
data.setCell(3, 3, 13);
data.setCell(4, 0, 4)
data.setCell(4, 1, 'deleteprofile')
data.setCell(4, 2, 'com.associateArchitect.Web.testcases.delete_w3schoolprofile')
data.setCell(4, 3, 12);
data.setCell(5, 0, 5)
data.setCell(5, 1, 'updateprofile')
data.setCell(5, 2, 'com.associateArchitect.Web.testcases.update_w3schoolprofile')
data.setCell(5, 3, 10);
data.setCell(6, 0, 6)
data.setCell(6, 1, 'deleteprofile')
data.setCell(6, 2, 'com.associateArchitect.Web.testcases.delete_w3schoolprofile')
data.setCell(6, 3, 4);
window.suiteTableData['webautomationtestsuite']= { tableData: data, tableDiv: 'times-div-webautomationtestsuite'}
return data;
}
              </script>
              <span class="suite-total-time">Total running time: 330 ms</span>
              <div id="times-div-webautomationtestsuite">
              </div> <!-- times-div-webautomationtestsuite -->
            </div> <!-- times-div -->
          </div> <!-- main-panel-content rounded-window-bottom -->
        </div> <!-- panel -->
        <div panel-name="reporter-webautomationtestsuite" class="panel">
          <div class="main-panel-header rounded-window-top">
            <span class="header-content">Reporter output for webautomationtestsuite</span>
          </div> <!-- main-panel-header rounded-window-top -->
          <div class="main-panel-content rounded-window-bottom">
          </div> <!-- main-panel-content rounded-window-bottom -->
        </div> <!-- panel -->
        <div panel-name="ignored-methods-webautomationtestsuite" class="panel">
          <div class="main-panel-header rounded-window-top">
            <span class="header-content">0 ignored methods</span>
          </div> <!-- main-panel-header rounded-window-top -->
          <div class="main-panel-content rounded-window-bottom">
          </div> <!-- main-panel-content rounded-window-bottom -->
        </div> <!-- panel -->
        <div panel-name="chronological-webautomationtestsuite" class="panel">
          <div class="main-panel-header rounded-window-top">
            <span class="header-content">Methods in chronological order</span>
          </div> <!-- main-panel-header rounded-window-top -->
          <div class="main-panel-content rounded-window-bottom">
            <div class="chronological-class">
              <div class="chronological-class-name">com.associateArchitect.Web.testcases.create_w3schoolprofile</div> <!-- chronological-class-name -->
              <div class="configuration-method before">
                <span class="method-name">setup</span>
                <span class="method-start">0 ms</span>
              </div> <!-- configuration-method before -->
              <div class="test-method">
                <span class="method-name">createprofile(vinayquiet@gmail.com, Bunny@123, Darshith, Appasanipalli)</span>
                <span class="method-start">16110 ms</span>
              </div> <!-- test-method -->
              <div class="configuration-method after">
                <span class="method-name">teardown</span>
                <span class="method-start">16299 ms</span>
              </div> <!-- configuration-method after -->
              <div class="configuration-method before">
                <span class="method-name">setup</span>
                <span class="method-start">21902 ms</span>
              </div> <!-- configuration-method before -->
              <div class="test-method">
                <span class="method-name">createprofile(vinayquiet@gmail.com, Bunny@123, Darshith, Appasanipalli)</span>
                <span class="method-start">33603 ms</span>
              </div> <!-- test-method -->
              <div class="configuration-method after">
                <span class="method-name">teardown</span>
                <span class="method-start">33685 ms</span>
              </div> <!-- configuration-method after -->
              <div class="configuration-method before">
                <span class="method-name">setup</span>
                <span class="method-start">37596 ms</span>
              </div> <!-- configuration-method before -->
              <div class="test-method">
                <img src="failed.png">
                </img>
                <span class="method-name">createprofile(vinayquiet@gmail.com, Bunny@123, Darshith, Appasanipalli)</span>
                <span class="method-start">49433 ms</span>
              </div> <!-- test-method -->
              <div class="configuration-method after">
                <span class="method-name">teardown</span>
                <span class="method-start">49530 ms</span>
              </div> <!-- configuration-method after -->
            </div> <!-- chronological-class -->
            <div class="chronological-class">
              <div class="chronological-class-name">com.associateArchitect.Web.testcases.update_w3schoolprofile</div> <!-- chronological-class-name -->
              <div class="configuration-method before">
                <span class="method-name">setup</span>
                <span class="method-start">54065 ms</span>
              </div> <!-- configuration-method before -->
              <div class="test-method">
                <span class="method-name">updateprofile(vinayquiet@gmail.com, Bunny@123, vinay)</span>
                <span class="method-start">67161 ms</span>
              </div> <!-- test-method -->
              <div class="configuration-method after">
                <span class="method-name">teardown</span>
                <span class="method-start">67172 ms</span>
              </div> <!-- configuration-method after -->
            </div> <!-- chronological-class -->
            <div class="chronological-class">
              <div class="chronological-class-name">com.associateArchitect.Web.testcases.delete_w3schoolprofile</div> <!-- chronological-class-name -->
              <div class="configuration-method before">
                <span class="method-name">setup</span>
                <span class="method-start">71380 ms</span>
              </div> <!-- configuration-method before -->
              <div class="test-method">
                <span class="method-name">deleteprofile(vinayquiet@gmail.com, Bunny@123456, vinay)</span>
                <span class="method-start">85956 ms</span>
              </div> <!-- test-method -->
              <div class="configuration-method after">
                <span class="method-name">teardown</span>
                <span class="method-start">85971 ms</span>
              </div> <!-- configuration-method after -->
              <div class="configuration-method before">
                <span class="method-name">setup</span>
                <span class="method-start">90638 ms</span>
              </div> <!-- configuration-method before -->
              <div class="test-method">
                <span class="method-name">deleteprofile(vinayquiet@gmail.com, Bunny@123456, vinay)</span>
                <span class="method-start">103318 ms</span>
              </div> <!-- test-method -->
              <div class="configuration-method after">
                <span class="method-name">teardown</span>
                <span class="method-start">103330 ms</span>
              </div> <!-- configuration-method after -->
              <div class="configuration-method before">
                <span class="method-name">setup</span>
                <span class="method-start">107218 ms</span>
              </div> <!-- configuration-method before -->
              <div class="test-method">
                <img src="failed.png">
                </img>
                <span class="method-name">deleteprofile(vinayquiet@gmail.com, Bunny@123456, vinay)</span>
                <span class="method-start">119721 ms</span>
              </div> <!-- test-method -->
              <div class="configuration-method after">
                <span class="method-name">teardown</span>
                <span class="method-start">119725 ms</span>
              </div> <!-- configuration-method after -->
          </div> <!-- main-panel-content rounded-window-bottom -->
        </div> <!-- panel -->
      </div> <!-- main-panel-root -->
    </div> <!-- wrapper -->
  </body>
<script type="text/javascript" src="testng-reports2.js"></script>
</html>
