<?xml version="1.0" encoding="UTF-8"?>
<!-- Generated by org.testng.reporters.JUnitXMLReporter -->
<testsuite ignored="0" hostname="BSA-Laptop" failures="2" tests="3" name="webautomationtestcases" time="216.581" errors="0" timestamp="2023-06-02T02:58:29 IST">
  <testcase classname="testcases.create_w3schoolprofile" name="createprofile" time="45.594">
    <failure type="java.lang.AssertionError" message="Create Profile Testcase is Failed">
      <![CDATA[java.lang.AssertionError: Create Profile Testcase is Failed
at testcases.create_w3schoolprofile.createprofile(create_w3schoolprofile.java:32)
at java.base/java.util.ArrayList.forEach(ArrayList.java:1511)
Caused by: org.openqa.selenium.NoSuchElementException: Unable to locate element: //input[@placeholder='@"nickname"']
For documentation on this error, please visit: https://selenium.dev/exceptions/#no_such_element
Build info: version: '4.8.3', revision: 'e5e76298c3'
System info: os.name: 'Windows 11', os.arch: 'amd64', os.version: '10.0', java.version: '17.0.6'
Driver info: org.openqa.selenium.firefox.FirefoxDriver
Command: [e0083b00-e760-4214-8069-c1dc778cfe81, findElement {using=xpath, value=//input[@placeholder='@"nickname"']}]
Capabilities {acceptInsecureCerts: true, browserName: firefox, browserVersion: 113.0.2, moz:accessibilityChecks: false, moz:buildID: 20230522134052, moz:debuggerAddress: 127.0.0.1:35670, moz:geckodriverVersion: 0.33.0, moz:headless: false, moz:platformVersion: 10.0, moz:processID: 15600, moz:profile: C:\Users\BSA\AppData\Local\..., moz:shutdownTimeout: 60000, moz:useNonSpecCompliantPointerOrigin: false, moz:webdriverClick: true, moz:windowless: false, pageLoadStrategy: normal, platformName: WINDOWS, proxy: Proxy(), se:cdp: ws://127.0.0.1:35670/devtoo..., se:cdpVersion: 85.0, setWindowRect: true, strictFileInteractability: false, timeouts: {implicit: 0, pageLoad: 300000, script: 30000}, unhandledPromptBehavior: dismiss and notify}
Session ID: e0083b00-e760-4214-8069-c1dc778cfe81
at org.openqa.selenium.remote.codec.w3c.W3CHttpResponseCodec.createException(W3CHttpResponseCodec.java:200)
at org.openqa.selenium.remote.codec.w3c.W3CHttpResponseCodec.decode(W3CHttpResponseCodec.java:133)
at org.openqa.selenium.remote.codec.w3c.W3CHttpResponseCodec.decode(W3CHttpResponseCodec.java:53)
at org.openqa.selenium.remote.HttpCommandExecutor.execute(HttpCommandExecutor.java:193)
at org.openqa.selenium.remote.service.DriverCommandExecutor.invokeExecute(DriverCommandExecutor.java:183)
at org.openqa.selenium.remote.service.DriverCommandExecutor.execute(DriverCommandExecutor.java:158)
at org.openqa.selenium.remote.RemoteWebDriver.execute(RemoteWebDriver.java:543)
at org.openqa.selenium.remote.ElementLocation$ElementFinder$2.findElement(ElementLocation.java:162)
at org.openqa.selenium.remote.ElementLocation.findElement(ElementLocation.java:60)
at org.openqa.selenium.remote.RemoteWebDriver.findElement(RemoteWebDriver.java:352)
at org.openqa.selenium.remote.RemoteWebDriver.findElement(RemoteWebDriver.java:344)
at utilities.CommonFunctions.cf_webelementsendkeys(CommonFunctions.java:63)
at testcases.create_w3schoolprofile.createprofile(create_w3schoolprofile.java:23)
... 28 more
... Removed 33 stack frames]]>
    </failure>
  </testcase> <!-- createprofile -->
  <testcase classname="testcases.update_w3schoolprofile" name="updateprofile" time="26.268"/>
  <testcase classname="testcases.delete_w3schoolprofile" name="deleteprofile" time="6.94">
    <failure type="java.lang.AssertionError" message="Delete Profile Testcase is Failed">
      <![CDATA[java.lang.AssertionError: Delete Profile Testcase is Failed
at testcases.delete_w3schoolprofile.deleteprofile(delete_w3schoolprofile.java:38)
at java.base/java.util.ArrayList.forEach(ArrayList.java:1511)
Caused by: java.lang.AssertionError: User Logged in Failed. expected [My learning | W3Schools] but found [Log in - W3Schools]
at testcases.delete_w3schoolprofile.deleteprofile(delete_w3schoolprofile.java:23)
... 28 more
... Removed 33 stack frames]]>
    </failure>
  </testcase> <!-- deleteprofile -->
</testsuite> <!-- webautomationtestcases -->
